#
# A fatal error has been detected by the Java Runtime Environment:
#
#  EXCEPTION_ACCESS_VIOLATION (0xc0000005) at pc=0x00000000447ed323, pid=9816, tid=9788
#
# JRE version: Java(TM) SE Runtime Environment (8.0_31-b13) (build 1.8.0_31-b13)
# Java VM: Java HotSpot(TM) 64-Bit Server VM (25.31-b07 mixed mode windows-amd64 compressed oops)
# Problematic frame:
# C  [nativemcl.dll+0xed323]
#
# Failed to write core dump. Minidumps are not enabled by default on client versions of Windows
#
# If you would like to submit a bug report, please visit:
#   http://bugreport.java.com/bugreport/crash.jsp
#

---------------  T H R E A D  ---------------

Current thread (0x000000001d393000):  VMThread [stack: 0x000000001e490000,0x000000001e590000] [id=9788]

siginfo: ExceptionCode=0xc0000005, reading address 0x00000000000000b0

Registers:
RAX=0x0000000000000000, RBX=0x000000003e6b7d20, RCX=0x000000001d3931e8, RDX=0x000000001fa56ce8
RSP=0x000000001e58ee08, RBP=0x000000003e5a8ab0, RSI=0x000000001d3931e8, RDI=0x000000001e58ee98
R8 =0x000000003e6b7d70, R9 =0x000000003e691a50, R10=0x000000001e58ee70, R11=0x000000001e58ee68
R12=0x000000003e5a9010, R13=0x000000003e5a8ab0, R14=0x000000003e5a8c28, R15=0x0000000000000000
RIP=0x00000000447ed323, EFLAGS=0x0000000000010206

Top of Stack: (sp=0x000000001e58ee08)
0x000000001e58ee08:   00000000447ec54a 000000003e6b7d20
0x000000001e58ee18:   000000003e6c39c0 000000003e6b7d20
0x000000001e58ee28:   0000000076d51a4a fffffffffffffffe
0x000000001e58ee38:   00000000449529e9 00000000447fba90
0x000000001e58ee48:   000000007046d1f0 656a624f5f676e61
0x000000001e58ee58:   00004949325f7463 0000000000000001
0x000000001e58ee68:   00000000447fb4d5 000000001d3931e8
0x000000001e58ee78:   000000003e6b7d20 0000000000000000
0x000000001e58ee88:   000000003e6c39c0 fffffffffffffffe
0x000000001e58ee98:   00000000447ed320 000000001fa56ce8
0x000000001e58eea8:   000000003e5f8a90 000000003e6c39c0
0x000000001e58eeb8:   00000000447fd9dc 000000003e6b7d20
0x000000001e58eec8:   000000003e6c3950 0000000000000000
0x000000001e58eed8:   000000003e5a8ca8 fffffffffffffffe
0x000000001e58eee8:   000007fede1b6338 0000000000000000
0x000000001e58eef8:   0000000100052039 000000003e6c3950 

Instructions: (pc=0x00000000447ed323)
0x00000000447ed303:   15 00 f6 c3 01 74 08 48 8b cf e8 98 12 12 00 48
0x00000000447ed313:   8b c7 48 8b 5c 24 30 48 83 c4 20 5f c3 48 8b 01
0x00000000447ed323:   48 ff a0 b0 00 00 00 cc cc cc cc cc cc 40 57 48
0x00000000447ed333:   83 ec 30 48 c7 44 24 20 fe ff ff ff 48 89 5c 24 


Register to memory mapping:

RAX=0x0000000000000000 is an unknown value
RBX=0x000000003e6b7d20 is an unknown value
RCX=0x000000001d3931e8 is an unknown value
RDX=0x000000001fa56ce8 is a global jni handle
RSP=0x000000001e58ee08 is an unknown value
RBP=0x000000003e5a8ab0 is an unknown value
RSI=0x000000001d3931e8 is an unknown value
RDI=0x000000001e58ee98 is an unknown value
R8 =0x000000003e6b7d70 is an unknown value
R9 =0x000000003e691a50 is an unknown value
R10=0x000000001e58ee70 is an unknown value
R11=0x000000001e58ee68 is an unknown value
R12=0x000000003e5a9010 is an unknown value
R13=0x000000003e5a8ab0 is an unknown value
R14=0x000000003e5a8c28 is an unknown value
R15=0x0000000000000000 is an unknown value


Stack: [0x000000001e490000,0x000000001e590000],  sp=0x000000001e58ee08,  free space=1019k
Native frames: (J=compiled Java code, j=interpreted, Vv=VM code, C=native code)
C  [nativemcl.dll+0xed323]

VM_Operation (0x00000000200faaa0): Exit, mode: safepoint, requested by thread 0x000000001f410000


---------------  P R O C E S S  ---------------

Java Threads: ( => current thread )
  0x000000003ee62800 JavaThread "Thread-7" [_thread_blocked, id=9176, stack(0x0000000047e40000,0x0000000047f40000)]
  0x000000003ee5f800 JavaThread "com.google.inject.internal.util.$Finalizer" daemon [_thread_blocked, id=680, stack(0x000000004af50000,0x000000004b050000)]
  0x000000003ee60800 JavaThread "Connector Runnable" daemon [_thread_blocked, id=9484, stack(0x000000004b090000,0x000000004b190000)]
  0x000000001f611800 JavaThread "EventMgr Dispatcher" daemon [_thread_in_native, id=920, stack(0x000000004ace0000,0x000000004ade0000)]
  0x000000001fa3c800 JavaThread "MATLAB Compiler Runtime" daemon [_thread_blocked, id=3876, stack(0x0000000048df0000,0x00000000495f0000)]
  0x000000003ec85000 JavaThread "Thread-3" daemon [_thread_in_native, id=9624, stack(0x0000000047fc0000,0x00000000480c0000)]
  0x000000001f815800 JavaThread "TimerQueue" daemon [_thread_blocked, id=6908, stack(0x0000000022c40000,0x0000000022d40000)]
  0x0000000001f5f000 JavaThread "DestroyJavaVM" [_thread_blocked, id=8088, stack(0x00000000022b0000,0x00000000023b0000)]
  0x000000001f410000 JavaThread "AWT-EventQueue-0" [_thread_blocked, id=1144, stack(0x0000000020000000,0x0000000020100000)]
  0x000000001d72d800 JavaThread "AWT-Shutdown" [_thread_blocked, id=4520, stack(0x000000001fdb0000,0x000000001feb0000)]
  0x000000001d72c800 JavaThread "Java2D Disposer" daemon [_thread_blocked, id=10068, stack(0x000000001ee50000,0x000000001ef50000)]
  0x000000001d475800 JavaThread "Service Thread" daemon [_thread_blocked, id=3964, stack(0x000000001f1a0000,0x000000001f2a0000)]
  0x000000001d410000 JavaThread "C1 CompilerThread3" daemon [_thread_blocked, id=9220, stack(0x000000001ef80000,0x000000001f080000)]
  0x000000001d407800 JavaThread "C2 CompilerThread2" daemon [_thread_blocked, id=10140, stack(0x000000001ed00000,0x000000001ee00000)]
  0x000000001d3fc000 JavaThread "C2 CompilerThread1" daemon [_thread_blocked, id=1620, stack(0x000000001eb80000,0x000000001ec80000)]
  0x000000001d3e2800 JavaThread "C2 CompilerThread0" daemon [_thread_blocked, id=8556, stack(0x000000001e8a0000,0x000000001e9a0000)]
  0x000000001d3df000 JavaThread "Attach Listener" daemon [_thread_blocked, id=9524, stack(0x000000001e9a0000,0x000000001eaa0000)]
  0x000000001d3de000 JavaThread "Signal Dispatcher" daemon [_thread_blocked, id=6360, stack(0x000000001e730000,0x000000001e830000)]
  0x000000001c321800 JavaThread "Finalizer" daemon [_thread_blocked, id=6324, stack(0x000000001e330000,0x000000001e430000)]
  0x0000000001ece800 JavaThread "Reference Handler" daemon [_thread_blocked, id=9632, stack(0x000000001e620000,0x000000001e720000)]

Other Threads:
=>0x000000001d393000 VMThread [stack: 0x000000001e490000,0x000000001e590000] [id=9788]

VM state:at safepoint (shutting down)

VM Mutex/Monitor currently owned by a thread:  ([mutex/lock_event])
[0x0000000001f5d290] Threads_lock - owner thread: 0x000000001d393000

Heap:
 PSYoungGen      total 555520K, used 379271K [0x000000076ae00000, 0x00000007a8b00000, 0x00000007c0000000)
  eden space 496640K, 66% used [0x000000076ae00000,0x000000077f137a00,0x0000000789300000)
  from space 58880K, 82% used [0x0000000789300000,0x000000078c22a280,0x000000078cc80000)
  to   space 109056K, 0% used [0x00000007a2080000,0x00000007a2080000,0x00000007a8b00000)
 ParOldGen       total 318464K, used 174909K [0x00000006c0a00000, 0x00000006d4100000, 0x000000076ae00000)
  object space 318464K, 54% used [0x00000006c0a00000,0x00000006cb4cf608,0x00000006d4100000)
 Metaspace       used 24414K, capacity 24760K, committed 25088K, reserved 1071104K
  class space    used 2953K, capacity 3056K, committed 3072K, reserved 1048576K

Card table byte_map: [0x0000000011a40000,0x0000000012240000] byte_map_base: 0x000000000e43b000

Marking Bits: (ParMarkBitMap*) 0x00000000704dd4f0
 Begin Bits: [0x0000000013190000, 0x0000000017168000)
 End Bits:   [0x0000000017168000, 0x000000001b140000)

Polling page: 0x00000000000b0000

CodeCache: size=245760Kb used=13646Kb max_used=16300Kb free=232113Kb
 bounds [0x0000000002680000, 0x0000000003700000, 0x0000000011680000]
 total_blobs=4991 nmethods=4397 adapters=504
 compilation: enabled

Compilation events (10 events):
Event: 142.241 Thread 0x000000001d407800 5865       4       java.net.URLStreamHandler::setURL (40 bytes)
Event: 142.245 Thread 0x000000001d407800 nmethod 5865 0x00000000031e5590 code [0x00000000031e56e0, 0x00000000031e5a18]
Event: 142.245 Thread 0x000000001d3e2800 5866       4       java.net.URLClassLoader$1::run (5 bytes)
Event: 142.302 Thread 0x000000001d3e2800 nmethod 5866 0x00000000032c5c90 code [0x00000000032c5fc0, 0x00000000032c8688]
Event: 142.350 Thread 0x000000001d410000 5867       3       sun.reflect.NativeMethodAccessorImpl::invoke (104 bytes)
Event: 142.351 Thread 0x000000001d410000 nmethod 5867 0x00000000030e2590 code [0x00000000030e2800, 0x00000000030e3cd8]
Event: 142.650 Thread 0x000000001d410000 5868       3       sun.nio.cs.SingleByte$Encoder::encode (32 bytes)
Event: 142.650 Thread 0x000000001d410000 nmethod 5868 0x000000000282bb90 code [0x000000000282bd00, 0x000000000282bf10]
Event: 142.650 Thread 0x000000001d410000 5869  s    3       java.util.Hashtable::containsKey (65 bytes)
Event: 142.650 Thread 0x000000001d410000 nmethod 5869 0x000000000292f950 code [0x000000000292fae0, 0x0000000002930118]

GC Heap History (10 events):
Event: 17.468 GC heap before
{Heap before GC invocations=6 (full 0):
 PSYoungGen      total 141824K, used 141792K [0x000000076ae00000, 0x000000077dc00000, 0x00000007c0000000)
  eden space 131072K, 100% used [0x000000076ae00000,0x0000000772e00000,0x0000000772e00000)
  from space 10752K, 99% used [0x0000000772e00000,0x0000000773878030,0x0000000773880000)
  to   space 23552K, 0% used [0x000000077c500000,0x000000077c500000,0x000000077dc00000)
 ParOldGen       total 175104K, used 19248K [0x00000006c0a00000, 0x00000006cb500000, 0x000000076ae00000)
  object space 175104K, 10% used [0x00000006c0a00000,0x00000006c1ccc020,0x00000006cb500000)
 Metaspace       used 15419K, capacity 15556K, committed 16000K, reserved 1062912K
  class space    used 2004K, capacity 2061K, committed 2176K, reserved 1048576K
Event: 17.480 GC heap after
Heap after GC invocations=6 (full 0):
 PSYoungGen      total 283136K, used 20256K [0x000000076ae00000, 0x000000077e100000, 0x00000007c0000000)
  eden space 259584K, 0% used [0x000000076ae00000,0x000000076ae00000,0x000000077ab80000)
  from space 23552K, 86% used [0x000000077c500000,0x000000077d8c8010,0x000000077dc00000)
  to   space 26112K, 0% used [0x000000077ab80000,0x000000077ab80000,0x000000077c500000)
 ParOldGen       total 175104K, used 19256K [0x00000006c0a00000, 0x00000006cb500000, 0x000000076ae00000)
  object space 175104K, 10% used [0x00000006c0a00000,0x00000006c1cce020,0x00000006cb500000)
 Metaspace       used 15419K, capacity 15556K, committed 16000K, reserved 1062912K
  class space    used 2004K, capacity 2061K, committed 2176K, reserved 1048576K
}
Event: 17.683 GC heap before
{Heap before GC invocations=7 (full 0):
 PSYoungGen      total 283136K, used 279840K [0x000000076ae00000, 0x000000077e100000, 0x00000007c0000000)
  eden space 259584K, 100% used [0x000000076ae00000,0x000000077ab80000,0x000000077ab80000)
  from space 23552K, 86% used [0x000000077c500000,0x000000077d8c8010,0x000000077dc00000)
  to   space 26112K, 0% used [0x000000077ab80000,0x000000077ab80000,0x000000077c500000)
 ParOldGen       total 175104K, used 19256K [0x00000006c0a00000, 0x00000006cb500000, 0x000000076ae00000)
  object space 175104K, 10% used [0x00000006c0a00000,0x00000006c1cce020,0x00000006cb500000)
 Metaspace       used 15419K, capacity 15556K, committed 16000K, reserved 1062912K
  class space    used 2004K, capacity 2061K, committed 2176K, reserved 1048576K
Event: 17.706 GC heap after
Heap after GC invocations=7 (full 0):
 PSYoungGen      total 285696K, used 26080K [0x000000076ae00000, 0x000000078f000000, 0x00000007c0000000)
  eden space 259584K, 0% used [0x000000076ae00000,0x000000076ae00000,0x000000077ab80000)
  from space 26112K, 99% used [0x000000077ab80000,0x000000077c4f8010,0x000000077c500000)
  to   space 36352K, 0% used [0x000000078cc80000,0x000000078cc80000,0x000000078f000000)
 ParOldGen       total 175104K, used 32240K [0x00000006c0a00000, 0x00000006cb500000, 0x000000076ae00000)
  object space 175104K, 18% used [0x00000006c0a00000,0x00000006c297c3d8,0x00000006cb500000)
 Metaspace       used 15419K, capacity 15556K, committed 16000K, reserved 1062912K
  class space    used 2004K, capacity 2061K, committed 2176K, reserved 1048576K
}
Event: 19.222 GC heap before
{Heap before GC invocations=8 (full 0):
 PSYoungGen      total 285696K, used 285664K [0x000000076ae00000, 0x000000078f000000, 0x00000007c0000000)
  eden space 259584K, 100% used [0x000000076ae00000,0x000000077ab80000,0x000000077ab80000)
  from space 26112K, 99% used [0x000000077ab80000,0x000000077c4f8010,0x000000077c500000)
  to   space 36352K, 0% used [0x000000078cc80000,0x000000078cc80000,0x000000078f000000)
 ParOldGen       total 175104K, used 32240K [0x00000006c0a00000, 0x00000006cb500000, 0x000000076ae00000)
  object space 175104K, 18% used [0x00000006c0a00000,0x00000006c297c3d8,0x00000006cb500000)
 Metaspace       used 16361K, capacity 16556K, committed 16768K, reserved 1064960K
  class space    used 2044K, capacity 2105K, committed 2176K, reserved 1048576K
Event: 19.256 GC heap after
Heap after GC invocations=8 (full 0):
 PSYoungGen      total 532992K, used 36320K [0x000000076ae00000, 0x0000000791c00000, 0x00000007c0000000)
  eden space 496640K, 0% used [0x000000076ae00000,0x000000076ae00000,0x0000000789300000)
  from space 36352K, 99% used [0x000000078cc80000,0x000000078eff8010,0x000000078f000000)
  to   space 58880K, 0% used [0x0000000789300000,0x0000000789300000,0x000000078cc80000)
 ParOldGen       total 175104K, used 70367K [0x00000006c0a00000, 0x00000006cb500000, 0x000000076ae00000)
  object space 175104K, 40% used [0x00000006c0a00000,0x00000006c4eb7de0,0x00000006cb500000)
 Metaspace       used 16361K, capacity 16556K, committed 16768K, reserved 1064960K
  class space    used 2044K, capacity 2105K, committed 2176K, reserved 1048576K
}
Event: 56.834 GC heap before
{Heap before GC invocations=9 (full 0):
 PSYoungGen      total 532992K, used 532960K [0x000000076ae00000, 0x0000000791c00000, 0x00000007c0000000)
  eden space 496640K, 100% used [0x000000076ae00000,0x0000000789300000,0x0000000789300000)
  from space 36352K, 99% used [0x000000078cc80000,0x000000078eff8010,0x000000078f000000)
  to   space 58880K, 0% used [0x0000000789300000,0x0000000789300000,0x000000078cc80000)
 ParOldGen       total 175104K, used 70367K [0x00000006c0a00000, 0x00000006cb500000, 0x000000076ae00000)
  object space 175104K, 40% used [0x00000006c0a00000,0x00000006c4eb7de0,0x00000006cb500000)
 Metaspace       used 17256K, capacity 17484K, committed 17792K, reserved 1064960K
  class space    used 2068K, capacity 2137K, committed 2176K, reserved 1048576K
Event: 56.941 GC heap after
Heap after GC invocations=9 (full 0):
 PSYoungGen      total 555520K, used 58848K [0x000000076ae00000, 0x00000007a8b00000, 0x00000007c0000000)
  eden space 496640K, 0% used [0x000000076ae00000,0x000000076ae00000,0x0000000789300000)
  from space 58880K, 99% used [0x0000000789300000,0x000000078cc78010,0x000000078cc80000)
  to   space 109056K, 0% used [0x00000007a2080000,0x00000007a2080000,0x00000007a8b00000)
 ParOldGen       total 175104K, used 169374K [0x00000006c0a00000, 0x00000006cb500000, 0x000000076ae00000)
  object space 175104K, 96% used [0x00000006c0a00000,0x00000006caf67a40,0x00000006cb500000)
 Metaspace       used 17256K, capacity 17484K, committed 17792K, reserved 1064960K
  class space    used 2068K, capacity 2137K, committed 2176K, reserved 1048576K
}
Event: 56.941 GC heap before
{Heap before GC invocations=10 (full 1):
 PSYoungGen      total 555520K, used 58848K [0x000000076ae00000, 0x00000007a8b00000, 0x00000007c0000000)
  eden space 496640K, 0% used [0x000000076ae00000,0x000000076ae00000,0x0000000789300000)
  from space 58880K, 99% used [0x0000000789300000,0x000000078cc78010,0x000000078cc80000)
  to   space 109056K, 0% used [0x00000007a2080000,0x00000007a2080000,0x00000007a8b00000)
 ParOldGen       total 175104K, used 169374K [0x00000006c0a00000, 0x00000006cb500000, 0x000000076ae00000)
  object space 175104K, 96% used [0x00000006c0a00000,0x00000006caf67a40,0x00000006cb500000)
 Metaspace       used 17256K, capacity 17484K, committed 17792K, reserved 1064960K
  class space    used 2068K, capacity 2137K, committed 2176K, reserved 1048576K
Event: 58.003 GC heap after
Heap after GC invocations=10 (full 1):
 PSYoungGen      total 555520K, used 48296K [0x000000076ae00000, 0x00000007a8b00000, 0x00000007c0000000)
  eden space 496640K, 0% used [0x000000076ae00000,0x000000076ae00000,0x0000000789300000)
  from space 58880K, 82% used [0x0000000789300000,0x000000078c22a280,0x000000078cc80000)
  to   space 109056K, 0% used [0x00000007a2080000,0x00000007a2080000,0x00000007a8b00000)
 ParOldGen       total 318464K, used 174909K [0x00000006c0a00000, 0x00000006d4100000, 0x000000076ae00000)
  object space 318464K, 54% used [0x00000006c0a00000,0x00000006cb4cf608,0x00000006d4100000)
 Metaspace       used 17255K, capacity 17482K, committed 17792K, reserved 1064960K
  class space    used 2067K, capacity 2136K, committed 2176K, reserved 1048576K
}

Deoptimization events (10 events):
Event: 139.681 Thread 0x000000001fa3c800 Uncommon trap: reason=class_check action=maybe_recompile pc=0x0000000002c8d8dc method=java.util.regex.Pattern$Dollar.match(Ljava/util/regex/Matcher;ILjava/lang/CharSequence;)Z @ 205
Event: 139.923 Thread 0x000000001fa3c800 Uncommon trap: reason=bimorphic action=maybe_recompile pc=0x0000000002d7f18c method=java.util.Collections$SynchronizedMap.get(Ljava/lang/Object;)Ljava/lang/Object; @ 12
Event: 139.923 Thread 0x000000001fa3c800 Uncommon trap: reason=bimorphic action=maybe_recompile pc=0x0000000002d7f18c method=java.util.Collections$SynchronizedMap.get(Ljava/lang/Object;)Ljava/lang/Object; @ 12
Event: 139.923 Thread 0x000000001fa3c800 Uncommon trap: reason=bimorphic action=maybe_recompile pc=0x0000000002d7f18c method=java.util.Collections$SynchronizedMap.get(Ljava/lang/Object;)Ljava/lang/Object; @ 12
Event: 139.925 Thread 0x000000003ee61000 Uncommon trap: reason=class_check action=maybe_recompile pc=0x000000000282afc8 method=java.util.concurrent.locks.AbstractQueuedSynchronizer.release(I)Z @ 2
Event: 139.926 Thread 0x000000003ee62000 Uncommon trap: reason=class_check action=maybe_recompile pc=0x000000000282afc8 method=java.util.concurrent.locks.AbstractQueuedSynchronizer.release(I)Z @ 2
Event: 140.112 Thread 0x000000003ee62000 Uncommon trap: reason=class_check action=maybe_recompile pc=0x000000000278dab4 method=java.util.concurrent.ConcurrentHashMap.putVal(Ljava/lang/Object;Ljava/lang/Object;Z)Ljava/lang/Object; @ 192
Event: 140.113 Thread 0x000000003ee61000 Uncommon trap: reason=class_check action=maybe_recompile pc=0x000000000278dab4 method=java.util.concurrent.ConcurrentHashMap.putVal(Ljava/lang/Object;Ljava/lang/Object;Z)Ljava/lang/Object; @ 192
Event: 140.114 Thread 0x000000003ee62000 Uncommon trap: reason=class_check action=maybe_recompile pc=0x000000000278dab4 method=java.util.concurrent.ConcurrentHashMap.putVal(Ljava/lang/Object;Ljava/lang/Object;Z)Ljava/lang/Object; @ 192
Event: 141.192 Thread 0x000000003ec85000 Uncommon trap: reason=unreached action=reinterpret pc=0x00000000029b4d1c method=java.security.AccessControlContext.optimize()Ljava/security/AccessControlContext; @ 233

Internal exceptions (10 events):
Event: 142.736 Thread 0x000000001fa3c800 Exception <a 'java/security/PrivilegedActionException'> (0x000000077ef6a4e8) thrown at [C:\workspace\8-2-build-windows-amd64-cygwin\jdk8u31\2394\hotspot\src\share\vm\prims\jvm.cpp, line 1312]
Event: 142.742 Thread 0x000000001fa3c800 Exception <a 'java/security/PrivilegedActionException'> (0x000000077ef6ae78) thrown at [C:\workspace\8-2-build-windows-amd64-cygwin\jdk8u31\2394\hotspot\src\share\vm\prims\jvm.cpp, line 1312]
Event: 142.742 Thread 0x000000001fa3c800 Exception <a 'java/security/PrivilegedActionException'> (0x000000077ef6cbd8) thrown at [C:\workspace\8-2-build-windows-amd64-cygwin\jdk8u31\2394\hotspot\src\share\vm\prims\jvm.cpp, line 1312]
Event: 142.742 Thread 0x000000001fa3c800 Exception <a 'java/security/PrivilegedActionException'> (0x000000077ef7ce50) thrown at [C:\workspace\8-2-build-windows-amd64-cygwin\jdk8u31\2394\hotspot\src\share\vm\prims\jvm.cpp, line 1312]
Event: 142.742 Thread 0x000000001fa3c800 Exception <a 'java/security/PrivilegedActionException'> (0x000000077ef7d508) thrown at [C:\workspace\8-2-build-windows-amd64-cygwin\jdk8u31\2394\hotspot\src\share\vm\prims\jvm.cpp, line 1312]
Event: 142.742 Thread 0x000000001fa3c800 Exception <a 'java/security/PrivilegedActionException'> (0x000000077ef7f268) thrown at [C:\workspace\8-2-build-windows-amd64-cygwin\jdk8u31\2394\hotspot\src\share\vm\prims\jvm.cpp, line 1312]
Event: 142.742 Thread 0x000000001fa3c800 Exception <a 'java/security/PrivilegedActionException'> (0x000000077ef8f4e0) thrown at [C:\workspace\8-2-build-windows-amd64-cygwin\jdk8u31\2394\hotspot\src\share\vm\prims\jvm.cpp, line 1312]
Event: 142.742 Thread 0x000000001fa3c800 Exception <a 'java/security/PrivilegedActionException'> (0x000000077ef8fd08) thrown at [C:\workspace\8-2-build-windows-amd64-cygwin\jdk8u31\2394\hotspot\src\share\vm\prims\jvm.cpp, line 1312]
Event: 142.742 Thread 0x000000001fa3c800 Exception <a 'java/security/PrivilegedActionException'> (0x000000077ef91a68) thrown at [C:\workspace\8-2-build-windows-amd64-cygwin\jdk8u31\2394\hotspot\src\share\vm\prims\jvm.cpp, line 1312]
Event: 142.743 Thread 0x000000001fa3c800 Exception <a 'java/security/PrivilegedActionException'> (0x000000077efa1ce0) thrown at [C:\workspace\8-2-build-windows-amd64-cygwin\jdk8u31\2394\hotspot\src\share\vm\prims\jvm.cpp, line 1312]

Events (10 events):
Event: 142.736 loading class prob/ToolboxParametricDistribution
Event: 142.736 loading class prob/ToolboxParametricDistribution done
Event: 142.742 loading class prob/TriangularDistribution
Event: 142.742 loading class prob/TriangularDistribution done
Event: 142.742 loading class prob/TriangularDistribution
Event: 142.742 loading class prob/TriangularDistribution done
Event: 142.742 loading class prob/TriangularDistribution
Event: 142.742 loading class prob/TriangularDistribution done
Event: 142.751 Thread 0x000000003ee64000 Thread exited: 0x000000003ee64000
Event: 142.751 Executing VM operation: Exit


Dynamic libraries:
0x000000013f220000 - 0x000000013f254000 	C:\Program Files\Java\jre1.8.0_31\bin\javaw.exe
0x0000000076e50000 - 0x0000000076ff9000 	C:\Windows\SYSTEM32\ntdll.dll
0x0000000076d30000 - 0x0000000076e4f000 	C:\Windows\system32\kernel32.dll
0x000007fefcdc0000 - 0x000007fefce2c000 	C:\Windows\system32\KERNELBASE.dll
0x000007feff000000 - 0x000007feff0db000 	C:\Windows\system32\ADVAPI32.dll
0x000007fefef50000 - 0x000007fefefef000 	C:\Windows\system32\msvcrt.dll
0x000007fefe230000 - 0x000007fefe24f000 	C:\Windows\SYSTEM32\sechost.dll
0x000007fefe710000 - 0x000007fefe83d000 	C:\Windows\system32\RPCRT4.dll
0x0000000076c30000 - 0x0000000076d2a000 	C:\Windows\system32\USER32.dll
0x000007fefe250000 - 0x000007fefe2b7000 	C:\Windows\system32\GDI32.dll
0x000007fefeff0000 - 0x000007fefeffe000 	C:\Windows\system32\LPK.dll
0x000007fefecc0000 - 0x000007fefed89000 	C:\Windows\system32\USP10.dll
0x000007fefb460000 - 0x000007fefb654000 	C:\Windows\WinSxS\amd64_microsoft.windows.common-controls_6595b64144ccf1df_6.0.7601.17514_none_fa396087175ac9ac\COMCTL32.dll
0x000007feff0e0000 - 0x000007feff151000 	C:\Windows\system32\SHLWAPI.dll
0x000007fefcfd0000 - 0x000007fefcffe000 	C:\Windows\system32\IMM32.DLL
0x000007fefee40000 - 0x000007fefef49000 	C:\Windows\system32\MSCTF.dll
0x0000000079160000 - 0x0000000079232000 	C:\Program Files\Java\jre1.8.0_31\bin\msvcr100.dll
0x000000006fd00000 - 0x000000007055a000 	C:\Program Files\Java\jre1.8.0_31\bin\server\jvm.dll
0x000007fefc000000 - 0x000007fefc009000 	C:\Windows\system32\WSOCK32.dll
0x000007fefedf0000 - 0x000007fefee3d000 	C:\Windows\system32\WS2_32.dll
0x000007fefd2b0000 - 0x000007fefd2b8000 	C:\Windows\system32\NSI.dll
0x000007fefaca0000 - 0x000007fefacdb000 	C:\Windows\system32\WINMM.dll
0x0000000077020000 - 0x0000000077027000 	C:\Windows\system32\PSAPI.DLL
0x0000000064c00000 - 0x0000000064c0f000 	C:\Program Files\Java\jre1.8.0_31\bin\verify.dll
0x0000000059f20000 - 0x0000000059f48000 	C:\Program Files\Java\jre1.8.0_31\bin\java.dll
0x00000000616b0000 - 0x00000000616c6000 	C:\Program Files\Java\jre1.8.0_31\bin\zip.dll
0x000007fefd2c0000 - 0x000007fefe048000 	C:\Windows\system32\SHELL32.dll
0x000007fefd000000 - 0x000007fefd203000 	C:\Windows\system32\ole32.dll
0x000007fefcc10000 - 0x000007fefcc1f000 	C:\Windows\system32\profapi.dll
0x000000006c330000 - 0x000000006c4c8000 	C:\Program Files\Java\jre1.8.0_31\bin\awt.dll
0x000007fefe2e0000 - 0x000007fefe3b7000 	C:\Windows\system32\OLEAUT32.dll
0x000007fefaff0000 - 0x000007fefb046000 	C:\Windows\system32\uxtheme.dll
0x000007fefa3b0000 - 0x000007fefa3c8000 	C:\Windows\system32\dwmapi.dll
0x000007fefca70000 - 0x000007fefca7f000 	C:\Windows\system32\CRYPTBASE.dll
0x000007fefbff0000 - 0x000007fefbffc000 	C:\Windows\system32\VERSION.dll
0x000007fefb400000 - 0x000007fefb42c000 	C:\Windows\system32\powrprof.dll
0x000007fefe050000 - 0x000007fefe227000 	C:\Windows\system32\SETUPAPI.dll
0x000007fefcf60000 - 0x000007fefcf96000 	C:\Windows\system32\CFGMGR32.dll
0x000007fefcc30000 - 0x000007fefcc4a000 	C:\Windows\system32\DEVOBJ.dll
0x0000000077b30000 - 0x0000000077b77000 	C:\Program Files\Java\jre1.8.0_31\bin\fontmanager.dll
0x0000000059f00000 - 0x0000000059f1a000 	C:\Program Files\Java\jre1.8.0_31\bin\net.dll
0x000007fefc3b0000 - 0x000007fefc405000 	C:\Windows\system32\mswsock.dll
0x000007fefc3a0000 - 0x000007fefc3a7000 	C:\Windows\System32\wship6.dll
0x00000000512f0000 - 0x0000000051301000 	C:\Program Files\Java\jre1.8.0_31\bin\nio.dll
0x0000000070610000 - 0x0000000070651000 	C:\Program Files\Java\jre1.8.0_31\bin\t2k.dll
0x000007fefec20000 - 0x000007fefecb9000 	C:\Windows\system32\CLBCatQ.DLL
0x000007fefa110000 - 0x000007fefa271000 	C:\Windows\system32\WindowsCodecs.dll
0x000007fefca10000 - 0x000007fefca67000 	C:\Windows\system32\apphelp.dll
0x000007fef9fe0000 - 0x000007fefa04f000 	C:\Windows\system32\mscoree.dll
0x000007fef9f40000 - 0x000007fef9fd7000 	C:\Windows\Microsoft.NET\Framework64\v4.0.30319\mscoreei.dll
0x000007fefca80000 - 0x000007fefcb11000 	C:\Windows\system32\sxs.dll
0x000007fef2220000 - 0x000007fef2b8b000 	C:\Windows\Microsoft.NET\Framework64\v4.0.30319\clr.dll
0x000007fef5980000 - 0x000007fef5a52000 	C:\Windows\system32\MSVCR110_CLR0400.dll
0x000007feeef60000 - 0x000007fef055a000 	C:\Windows\assembly\NativeImages_v4.0.30319_64\mscorlib\abf62e6545d2802fc60286678a67e6bf\mscorlib.ni.dll
0x000007fefc410000 - 0x000007fefc428000 	C:\Windows\system32\CRYPTSP.dll
0x000007fefc110000 - 0x000007fefc157000 	C:\Windows\system32\rsaenh.dll
0x000007fefcb60000 - 0x000007fefcb74000 	C:\Windows\system32\RpcRtRemote.dll
0x0000000074760000 - 0x000000007476a000 	C:\Program Files\Box\Box Sync\IconOverlayClient.dll
0x00000000696f0000 - 0x0000000069712000 	C:\Program Files\Box\Box Sync\SharpShell.dll
0x000007fef1550000 - 0x000007fef2217000 	C:\Windows\assembly\NativeImages_v4.0.30319_64\System\3f4e05b74a222eaf142391c0549efe62\System.ni.dll
0x000007fef39a0000 - 0x000007fef3bcf000 	C:\Windows\assembly\NativeImages_v4.0.30319_64\System.Drawing\33b0d91fe3a676b18649630b575bfe36\System.Drawing.ni.dll
0x000007fef3790000 - 0x000007fef38c1000 	C:\Windows\Microsoft.NET\Framework64\v4.0.30319\clrjit.dll
0x0000000069650000 - 0x00000000696a0000 	C:\Program Files\Box\Box Sync\log4net.dll
0x000007feee5b0000 - 0x000007feeef59000 	C:\Windows\assembly\NativeImages_v4.0.30319_64\System.Core\2e9352fa8533dc500b03b97e5d3193c2\System.Core.ni.dll
0x000007feecc10000 - 0x000007feee5ad000 	C:\Windows\assembly\NativeImages_v4.0.30319_64\System.ServiceModel\bea9e3e38f57e34828c8d1da83dc7242\System.ServiceModel.ni.dll
0x000007fef3180000 - 0x000007fef34fa000 	C:\Windows\assembly\NativeImages_v4.0.30319_64\System.Runteb92aa12#\6d9b2d977435904b70f2e1571f7cf026\System.Runtime.Serialization.ni.dll
0x000007fef3650000 - 0x000007fef3789000 	C:\Windows\assembly\NativeImages_v4.0.30319_64\System.Configuration\6d01dc933044beec0f2fdefa90f67bd0\System.Configuration.ni.dll
0x000007feec240000 - 0x000007feecc02000 	C:\Windows\assembly\NativeImages_v4.0.30319_64\System.Xml\25e7c1b5f922b2b44c27857e1b466651\System.Xml.ni.dll
0x000007fef9f20000 - 0x000007fef9f36000 	C:\Windows\Microsoft.NET\Framework64\v4.0.30319\nlssorting.dll
0x000007fef2f40000 - 0x000007fef317d000 	C:\PROGRA~1\MICROS~2\Office15\GROOVEEX.DLL
0x00000000738f0000 - 0x0000000073988000 	C:\Windows\system32\MSVCP100.dll
0x0000000065ab0000 - 0x0000000065adb000 	C:\Windows\system32\ATL100.DLL
0x000007fef91e0000 - 0x000007fef94fd000 	C:\Windows\system32\msi.dll
0x000007feeb4c0000 - 0x000007feebd3d000 	C:\PROGRA~1\MICROS~2\Office15\1033\GrooveIntlResource.dll
0x000007fef9c70000 - 0x000007fef9ca1000 	C:\Users\Weili\AppData\Roaming\Dropbox\bin\DropboxExt64.25.dll
0x000007fefa8e0000 - 0x000007fefa8e8000 	C:\Windows\system32\IconCodecService.dll
0x0000000180000000 - 0x0000000180034000 	C:\Program Files\MATLAB\MATLAB Compiler Runtime\v84\bin\win64\BuilderJABootstrap.dll
0x0000000012a90000 - 0x0000000012a9c000 	C:\Program Files\MATLAB\MATLAB Compiler Runtime\v84\bin\win64\nativedl.dll
0x000007fede230000 - 0x000007fede2d7000 	C:\Program Files\MATLAB\MATLAB Compiler Runtime\v84\bin\win64\MSVCP110.dll
0x000007fede150000 - 0x000007fede224000 	C:\Program Files\MATLAB\MATLAB Compiler Runtime\v84\bin\win64\MSVCR110.dll
0x00000000fe7f0000 - 0x00000000fe9ff000 	C:\Program Files\MATLAB\MATLAB Compiler Runtime\v84\bin\win64\libmwfl.dll
0x000007fefe2c0000 - 0x000007fefe2d9000 	C:\Windows\system32\imagehlp.dll
0x00000000ffef0000 - 0x00000000ffeff000 	C:\Program Files\MATLAB\MATLAB Compiler Runtime\v84\bin\win64\libmwresource_core.dll
0x00000000fff00000 - 0x00000000fffec000 	C:\Program Files\MATLAB\MATLAB Compiler Runtime\v84\bin\win64\libmwi18n.dll
0x000007fef7270000 - 0x000007fef727f000 	C:\Program Files\MATLAB\MATLAB Compiler Runtime\v84\bin\win64\boost_date_time-vc110-mt-1_49.dll
0x000007fee0800000 - 0x000007fee082c000 	C:\Program Files\MATLAB\MATLAB Compiler Runtime\v84\bin\win64\boost_filesystem-vc110-mt-1_49.dll
0x000007fef2b90000 - 0x000007fef2b99000 	C:\Program Files\MATLAB\MATLAB Compiler Runtime\v84\bin\win64\boost_system-vc110-mt-1_49.dll
0x000007fede120000 - 0x000007fede145000 	C:\Program Files\MATLAB\MATLAB Compiler Runtime\v84\bin\win64\LIBEXPAT.dll
0x00000000ff530000 - 0x00000000ff6c7000 	C:\Program Files\MATLAB\MATLAB Compiler Runtime\v84\bin\win64\icuin52.dll
0x00000000ff1b0000 - 0x00000000ff2f1000 	C:\Program Files\MATLAB\MATLAB Compiler Runtime\v84\bin\win64\icuuc52.dll
0x0000000042b30000 - 0x000000004419d000 	C:\Program Files\MATLAB\MATLAB Compiler Runtime\v84\bin\win64\icudt52.dll
0x0000000059f50000 - 0x0000000059f61000 	C:\Program Files\MATLAB\MATLAB Compiler Runtime\v84\bin\win64\icuio52.dll
0x00000000441a0000 - 0x00000000446f8000 	C:\Program Files\MATLAB\MATLAB Compiler Runtime\v84\bin\win64\libmwMATLAB_res.dll
0x000007fede040000 - 0x000007fede11d000 	C:\Program Files\MATLAB\MATLAB Compiler Runtime\v84\bin\win64\boost_regex-vc110-mt-1_49.dll
0x000007feddff0000 - 0x000007fede035000 	C:\Program Files\MATLAB\MATLAB Compiler Runtime\v84\bin\win64\boost_serialization-vc110-mt-1_49.dll
0x000007fee8930000 - 0x000007fee8941000 	C:\Program Files\MATLAB\MATLAB Compiler Runtime\v84\bin\win64\boost_signals-vc110-mt-1_49.dll
0x000007fee07e0000 - 0x000007fee07f1000 	C:\Program Files\MATLAB\MATLAB Compiler Runtime\v84\bin\win64\boost_thread-vc110-mt-1_49.dll
0x000007fedca50000 - 0x000007fedcad8000 	C:\Program Files\MATLAB\MATLAB Compiler Runtime\v84\bin\win64\boost_log-vc110-mt-1_49.dll
0x000007fedca10000 - 0x000007fedca4f000 	C:\Program Files\MATLAB\MATLAB Compiler Runtime\v84\bin\win64\tbb.dll
0x0000000044700000 - 0x0000000044a12000 	C:\Program Files\MATLAB\MATLAB Compiler Runtime\v84\bin\win64\nativemcl.dll
0x000000003d320000 - 0x000000003d3e4000 	C:\Program Files\MATLAB\MATLAB Compiler Runtime\v84\bin\win64\libut.dll
0x00000000fe100000 - 0x00000000fe27e000 	C:\Program Files\MATLAB\MATLAB Compiler Runtime\v84\bin\win64\libmx.dll
0x000007fedc9d0000 - 0x000007fedca10000 	C:\Program Files\MATLAB\MATLAB Compiler Runtime\v84\bin\win64\tbbmalloc.dll
0x0000000050f50000 - 0x0000000050f67000 	C:\Program Files\MATLAB\MATLAB Compiler Runtime\v84\bin\win64\zlib1.dll
0x00000000ffff0000 - 0x00000001003f1000 	C:\Program Files\MATLAB\MATLAB Compiler Runtime\v84\bin\win64\libmwservices.dll
0x00000000fe090000 - 0x00000000fe0e1000 	C:\Program Files\MATLAB\MATLAB Compiler Runtime\v84\bin\win64\libmwregexp.dll
0x00000000fe040000 - 0x00000000fe08c000 	C:\Program Files\MATLAB\MATLAB Compiler Runtime\v84\bin\win64\mpath.dll
0x0000000044a20000 - 0x0000000044d55000 	C:\Program Files\MATLAB\MATLAB Compiler Runtime\v84\bin\win64\libmwms.dll
0x000007fef1450000 - 0x000007fef1460000 	C:\Program Files\MATLAB\MATLAB Compiler Runtime\v84\bin\win64\boost_iostreams-vc110-mt-1_49.dll
0x00000000fd610000 - 0x00000000fda2e000 	C:\Program Files\MATLAB\MATLAB Compiler Runtime\v84\bin\win64\mlutil.dll
0x0000000044d60000 - 0x0000000045098000 	C:\Program Files\MATLAB\MATLAB Compiler Runtime\v84\bin\win64\settingscore.dll
0x00000000fd590000 - 0x00000000fd609000 	C:\Program Files\MATLAB\MATLAB Compiler Runtime\v84\bin\win64\xmlcore.dll
0x000000003d790000 - 0x000000003d9f3000 	C:\Program Files\MATLAB\MATLAB Compiler Runtime\v84\bin\win64\xerces-c_3_1.dll
0x00000000fd320000 - 0x00000000fd33e000 	C:\Program Files\MATLAB\MATLAB Compiler Runtime\v84\bin\win64\libmwMATLAB_settings_res.dll
0x00000000fd310000 - 0x00000000fd316000 	C:\Program Files\MATLAB\MATLAB Compiler Runtime\v84\bin\win64\libmwnativedisplay.dll
0x000000001ec80000 - 0x000000001ecde000 	C:\Program Files\MATLAB\MATLAB Compiler Runtime\v84\bin\win64\opccore.dll
0x00000000fd1e0000 - 0x00000000fd2b9000 	C:\Program Files\MATLAB\MATLAB Compiler Runtime\v84\bin\win64\opcmodel.dll
0x00000000450a0000 - 0x00000000452ec000 	C:\Program Files\MATLAB\MATLAB Compiler Runtime\v84\bin\win64\libmwflnetwork.dll
0x00000000fd1b0000 - 0x00000000fd1d9000 	C:\Program Files\MATLAB\MATLAB Compiler Runtime\v84\bin\win64\opczippackage.dll
0x0000000059f80000 - 0x0000000059f8f000 	C:\Program Files\MATLAB\MATLAB Compiler Runtime\v84\bin\win64\libminizip.dll
0x000000003e380000 - 0x000000003e513000 	C:\Program Files\MATLAB\MATLAB Compiler Runtime\v84\bin\win64\opcmwservices.dll
0x000007fefd210000 - 0x000007fefd2a7000 	C:\Windows\system32\COMDLG32.dll
0x000007fefbfd0000 - 0x000007fefbfe6000 	C:\Windows\system32\NETAPI32.dll
0x000007fefbfc0000 - 0x000007fefbfcc000 	C:\Windows\system32\netutils.dll
0x000007fefc620000 - 0x000007fefc643000 	C:\Windows\system32\srvcli.dll
0x000007fefbfa0000 - 0x000007fefbfb5000 	C:\Windows\system32\wkscli.dll
0x000007feda510000 - 0x000007feda6e5000 	C:\Program Files\MATLAB\MATLAB Compiler Runtime\v84\bin\win64\PocoFoundation64.dll
0x000007fef9510000 - 0x000007fef9537000 	C:\Windows\system32\IPHLPAPI.DLL

VM Arguments:
jvm_args: -Dfile.encoding=Cp1252 
java_command: analyzer.main.Analyzer
java_class_path (initial): C:\Users\Weili\weilixu\hw0000\EnergyPlusUncertaintyAnalyzer\bin;C:\Users\Weili\weilixu\hw0000\EnergyPlusUncertaintyAnalyzer\lib\allmakedist.jar;C:\Users\Weili\weilixu\hw0000\EnergyPlusUncertaintyAnalyzer\lib\javabuilder.jar;C:\Users\Weili\weilixu\hw0000\EnergyPlusUncertaintyAnalyzer\lib\jcommon-1.0.23.jar;C:\Users\Weili\weilixu\hw0000\EnergyPlusUncertaintyAnalyzer\lib\jfreechart-1.0.19.jar;C:\Users\Weili\weilixu\hw0000\EnergyPlusUncertaintyAnalyzer\lib\commons-math3-3.4.1-javadoc.jar;C:\Users\Weili\weilixu\hw0000\EnergyPlusUncertaintyAnalyzer\lib\commons-math3-3.4.1.jar;C:\Users\Weili\weilixu\hw0000\EnergyPlusUncertaintyAnalyzer\lib\allfitdist.jar;C:\Users\Weili\weilixu\hw0000\EnergyPlusUncertaintyAnalyzer\lib\jdom-2.0.5-contrib.jar;C:\Users\Weili\weilixu\hw0000\EnergyPlusUncertaintyAnalyzer\lib\jdom-2.0.5-javadoc.jar;C:\Users\Weili\weilixu\hw0000\EnergyPlusUncertaintyAnalyzer\lib\jdom-2.0.5-junit.jar;C:\Users\Weili\weilixu\hw0000\EnergyPlusUncertaintyAnalyzer\lib\jdom-2.0.5-sources.jar;C:\Users\Weili\weilixu\hw0000\EnergyPlusUncertaintyAnalyzer\lib\jdom-2.0.5.jar;C:\Users\Weili\weilixu\hw0000\EnergyPlusUncertaintyAnalyzer\lib\weka.jar;C:\Users\Weili\weilixu\hw0000\EnergyPlusUncertaintyAnalyzer\lib\jsoup-1.8.1.jar
Launcher Type: SUN_STANDARD

Environment Variables:
PATH=C:\Program Files\MATLAB\MATLAB Compiler Runtime\v84\bin\win64;C:\Program Files\Java\jre1.8.0_31\bin\server;C:\Program Files\Java\jre1.8.0_31\bin;C:\Program Files\Java\jre1.8.0_31\lib\amd64;C:\ProgramData\Oracle\Java\javapath;C:\Program Files (x86)\Intel\iCLS Client\;C:\Program Files\Intel\iCLS Client\;C:\Program Files\Common Files\Microsoft Shared\Windows Live;C:\Program Files (x86)\Common Files\Microsoft Shared\Windows Live;C:\Windows\system32;C:\Windows;C:\Windows\System32\Wbem;C:\Windows\System32\WindowsPowerShell\v1.0\;C:\Program Files\Dell\Dell Data Protection\Access\Advanced\Wave\Gemalto\Access Client\v5\;C:\Program Files (x86)\NTRU Cryptosystems\NTRU TCG Software Stack\bin\;C:\Program Files\NTRU Cryptosystems\NTRU TCG Software Stack\bin\;C:\Program Files (x86)\Windows Live\Shared;C:\Program Files\Common Files\Autodesk Shared\;C:\Program Files (x86)\Autodesk\Backburner\;C:\Python27_32;C:\Python27_32\Scripts;C:\Program Files\MATLAB\MATLAB Compiler Runtime\v84\runtime\win64;E:\01_Software\MATLAB\R2013a\runtime\win64;E:\01_Software\MATLAB\R2013a\bin;C:\Program Files (x86)\MySQL\MySQL Utilities 1.3.4\;C:\Users\Omer Karaguzel\AppData\Local\Smartbar\Application\;C:\Program Files\Intel\Intel(R) Management Engine Components\DAL;C:\Program Files\Intel\Intel(R) Management Engine Components\IPT;C:\Program Files (x86)\Intel\Intel(R) Management Engine Components\DAL;C:\Program Files (x86)\Intel\Intel(R) Management Engine Components\IPT;C:\Users\Weili\Documents\apache-ant-1.9.4\bin;C:\Program Files\MiKTeX 2.9\miktex\bin\x64\;C:\Program Files\doxygen\bin;E:\01_Software\eclipse;C:\Users\Weili\AppData\Local\Temp\Weili\mcrCache8.4\allfit4\bin\maci64
USERNAME=Weili
OS=Windows_NT
PROCESSOR_IDENTIFIER=Intel64 Family 6 Model 58 Stepping 9, GenuineIntel



---------------  S Y S T E M  ---------------

OS: Windows 7 , 64 bit Build 7601 Service Pack 1

CPU:total 8 (4 cores per cpu, 2 threads per core) family 6 model 58 stepping 9, cmov, cx8, fxsr, mmx, sse, sse2, sse3, ssse3, sse4.1, sse4.2, popcnt, avx, aes, clmul, erms, ht, tsc, tscinvbit, tscinv

Memory: 4k page, physical 16730664k(9689860k free), swap 33459472k(24208064k free)

vm_info: Java HotSpot(TM) 64-Bit Server VM (25.31-b07) for windows-amd64 JRE (1.8.0_31-b13), built on Dec 17 2014 21:00:28 by "java_re" with MS VC++ 10.0 (VS2010)

time: Wed Feb 18 15:24:12 2015
elapsed time: 143 seconds (0d 0h 2m 23s)

