#
# A fatal error has been detected by the Java Runtime Environment:
#
#  EXCEPTION_ACCESS_VIOLATION (0xc0000005) at pc=0x000000004c2b8140, pid=26348, tid=26328
#
# JRE version: Java(TM) SE Runtime Environment (8.0_31-b13) (build 1.8.0_31-b13)
# Java VM: Java HotSpot(TM) 64-Bit Server VM (25.31-b07 mixed mode windows-amd64 compressed oops)
# Problematic frame:
# C  0x000000004c2b8140
#
# Failed to write core dump. Minidumps are not enabled by default on client versions of Windows
#
# If you would like to submit a bug report, please visit:
#   http://bugreport.java.com/bugreport/crash.jsp
#

---------------  T H R E A D  ---------------

Current thread (0x000000001d5e3000):  VMThread [stack: 0x000000001e610000,0x000000001e710000] [id=26328]

siginfo: ExceptionCode=0xc0000005, reading address 0x0000000000000000

Registers:
RAX=0x000000001e70eda8, RBX=0x000000001e70ede8, RCX=0x0000000000000000, RDX=0x000000001e70ee40
RSP=0x000000001e70ed70, RBP=0x000000004aae5e20, RSI=0x000000001e70ee40, RDI=0x000000001e70ede0
R8 =0x0000000000000000, R9 =0x0000000000000016, R10=0x0000000020ebd6f0, R11=0x000000001e70eda0
R12=0x000000000000ffbf, R13=0x0000000049897400, R14=0x000000001e70f018, R15=0x000000004ec59c00
RIP=0x000000004c2b8140, EFLAGS=0x0000000000010206

Top of Stack: (sp=0x000000001e70ed70)
0x000000001e70ed70:   000000001e70ede8 000000004aae5e01
0x000000001e70ed80:   fffffffffffffffe 00000000460e17c2
0x000000001e70ed90:   fffffffffffffffe 000000001e70ede0
0x000000001e70eda0:   000000001e70ede8 000000004ec59c00
0x000000001e70edb0:   000000001e70f018 0000000000000000
0x000000001e70edc0:   000000001e70f018 000000004c2ca26c
0x000000001e70edd0:   000000004aae5e20 000000001e70ee40
0x000000001e70ede0:   000000004aa50650 000000004ec59c00
0x000000001e70edf0:   0000000000000000 0000000046081d7b
0x000000001e70ee00:   fffffffffffffffe 000000004c894878
0x000000001e70ee10:   000000001e70ee38 000000001e70ee38
0x000000001e70ee20:   000000001e70f018 00000000460ab722
0x000000001e70ee30:   000000004ec59c00 000000004aab5cd0
0x000000001e70ee40:   000000004ec59c00 00000000460ab7db
0x000000001e70ee50:   fffffffffffffffe 0000000d00000001
0x000000001e70ee60:   000000001e70ee00 00000000460a4d39 

Instructions: (pc=0x000000004c2b8140)
0x000000004c2b8120:   24 78 ff 15 38 85 5c 00 48 8b d8 48 8b d6 48 8d
0x000000004c2b8130:   4c 24 38 ff 15 27 85 5c 00 48 8b 8d f8 04 00 00
0x000000004c2b8140:   4c 8b 11 4c 8b cf 4c 8b c3 48 8b d0 41 ff 52 28
0x000000004c2b8150:   90 48 8b ce 48 8b 5c 24 60 48 83 c4 40 5f 5e 5d 


Register to memory mapping:

RAX=0x000000001e70eda8 is an unknown value
RBX=0x000000001e70ede8 is an unknown value
RCX=0x0000000000000000 is an unknown value
RDX=0x000000001e70ee40 is an unknown value
RSP=0x000000001e70ed70 is an unknown value
RBP=0x000000004aae5e20 is an unknown value
RSI=0x000000001e70ee40 is an unknown value
RDI=0x000000001e70ede0 is an unknown value
R8 =0x0000000000000000 is an unknown value
R9 =0x0000000000000016 is an unknown value
R10=0x0000000020ebd6f0 is an unknown value
R11=0x000000001e70eda0 is an unknown value
R12=0x000000000000ffbf is an unknown value
R13=0x0000000049897400 is an unknown value
R14=0x000000001e70f018 is an unknown value
R15=0x000000004ec59c00 is an unknown value


Stack: [0x000000001e610000,0x000000001e710000],  sp=0x000000001e70ed70,  free space=1019k
Native frames: (J=compiled Java code, j=interpreted, Vv=VM code, C=native code)
C  0x000000004c2b8140

VM_Operation (0x00000000203aaea0): Exit, mode: safepoint, requested by thread 0x000000001f760800


---------------  P R O C E S S  ---------------

Java Threads: ( => current thread )
  0x000000001d653800 JavaThread "Thread-8" daemon [_thread_blocked, id=16140, stack(0x00000000502e0000,0x00000000503e0000)]
  0x000000001d64f800 JavaThread "Thread-7" [_thread_blocked, id=24700, stack(0x0000000047a90000,0x0000000047b90000)]
  0x000000001d64e000 JavaThread "com.google.inject.internal.util.$Finalizer" daemon [_thread_blocked, id=23872, stack(0x000000004d2c0000,0x000000004d3c0000)]
  0x000000001d64d800 JavaThread "Connector Runnable" daemon [_thread_blocked, id=10276, stack(0x0000000049e70000,0x0000000049f70000)]
  0x0000000040342000 JavaThread "EventMgr Dispatcher" daemon [_thread_in_native, id=28024, stack(0x0000000049fa0000,0x000000004a0a0000)]
  0x000000003f499000 JavaThread "MATLAB Compiler Runtime" daemon [_thread_blocked, id=26576, stack(0x0000000048a10000,0x0000000049210000)]
  0x000000003f493000 JavaThread "Thread-3" daemon [_thread_in_native, id=26344, stack(0x0000000047900000,0x0000000047a00000)]
  0x000000001f833800 JavaThread "TimerQueue" daemon [_thread_blocked, id=26072, stack(0x0000000022d90000,0x0000000022e90000)]
  0x000000000221f000 JavaThread "DestroyJavaVM" [_thread_blocked, id=26004, stack(0x0000000002400000,0x0000000002500000)]
  0x000000001f760800 JavaThread "AWT-EventQueue-0" [_thread_blocked, id=13136, stack(0x00000000202b0000,0x00000000203b0000)]
  0x000000001f759800 JavaThread "AWT-Shutdown" [_thread_blocked, id=16576, stack(0x000000001ff90000,0x0000000020090000)]
  0x000000001f759000 JavaThread "Java2D Disposer" daemon [_thread_blocked, id=22200, stack(0x000000001f190000,0x000000001f290000)]
  0x000000001d6d0800 JavaThread "Service Thread" daemon [_thread_blocked, id=26840, stack(0x000000001f490000,0x000000001f590000)]
  0x000000001d64a800 JavaThread "C1 CompilerThread3" daemon [_thread_blocked, id=27296, stack(0x000000001f2a0000,0x000000001f3a0000)]
  0x000000001d649800 JavaThread "C2 CompilerThread2" daemon [_thread_blocked, id=28516, stack(0x000000001eff0000,0x000000001f0f0000)]
  0x000000001d639000 JavaThread "C2 CompilerThread1" daemon [_thread_blocked, id=27660, stack(0x000000001ee70000,0x000000001ef70000)]
  0x000000001d632800 JavaThread "C2 CompilerThread0" daemon [_thread_blocked, id=26212, stack(0x000000001ec60000,0x000000001ed60000)]
  0x000000001d62d800 JavaThread "Attach Listener" daemon [_thread_blocked, id=21528, stack(0x000000001eb30000,0x000000001ec30000)]
  0x000000001d62c800 JavaThread "Signal Dispatcher" daemon [_thread_blocked, id=26628, stack(0x000000001ea30000,0x000000001eb30000)]
  0x000000001c797000 JavaThread "Finalizer" daemon [_thread_blocked, id=24084, stack(0x000000001e8d0000,0x000000001e9d0000)]
  0x00000000021ae800 JavaThread "Reference Handler" daemon [_thread_blocked, id=25252, stack(0x000000001e760000,0x000000001e860000)]

Other Threads:
=>0x000000001d5e3000 VMThread [stack: 0x000000001e610000,0x000000001e710000] [id=26328]

VM state:at safepoint (shutting down)

VM Mutex/Monitor currently owned by a thread:  ([mutex/lock_event])
[0x000000000221d260] Threads_lock - owner thread: 0x000000001d5e3000

Heap:
 PSYoungGen      total 61952K, used 5476K [0x000000076ae00000, 0x0000000770000000, 0x00000007c0000000)
  eden space 59392K, 4% used [0x000000076ae00000,0x000000076b0dcbc8,0x000000076e800000)
  from space 2560K, 99% used [0x000000076e900000,0x000000076eb7c520,0x000000076eb80000)
  to   space 12288K, 0% used [0x000000076f400000,0x000000076f400000,0x0000000770000000)
 ParOldGen       total 101376K, used 23949K [0x00000006c0a00000, 0x00000006c6d00000, 0x000000076ae00000)
  object space 101376K, 23% used [0x00000006c0a00000,0x00000006c2163550,0x00000006c6d00000)
 Metaspace       used 36773K, capacity 37080K, committed 37416K, reserved 1081344K
  class space    used 4591K, capacity 4656K, committed 4656K, reserved 1048576K

Card table byte_map: [0x0000000011b90000,0x0000000012390000] byte_map_base: 0x000000000e58b000

Marking Bits: (ParMarkBitMap*) 0x000000007039d4f0
 Begin Bits: [0x0000000013600000, 0x00000000175d8000)
 End Bits:   [0x00000000175d8000, 0x000000001b5b0000)

Polling page: 0x0000000000120000

CodeCache: size=245760Kb used=13072Kb max_used=13089Kb free=232687Kb
 bounds [0x00000000027d0000, 0x00000000034b0000, 0x00000000117d0000]
 total_blobs=5012 nmethods=4012 adapters=910
 compilation: enabled

Compilation events (10 events):
Event: 190.364 Thread 0x000000001d64a800 4690       3       java.util.concurrent.locks.ReentrantLock$Sync::isHeldExclusively (16 bytes)
Event: 190.365 Thread 0x000000001d64a800 nmethod 4690 0x00000000034965d0 code [0x0000000003496740, 0x00000000034969b0]
Event: 190.484 Thread 0x000000001d649800 4691       4       java.awt.event.MouseEvent::<init> (250 bytes)
Event: 190.524 Thread 0x000000001d649800 nmethod 4691 0x00000000034ab950 code [0x00000000034abb60, 0x00000000034ad5c0]
Event: 190.984 Thread 0x000000001d64a800 4692   !   3       java.util.ArrayList$Itr::remove (68 bytes)
Event: 190.987 Thread 0x000000001d64a800 nmethod 4692 0x000000000348e290 code [0x000000000348e440, 0x000000000348e9d8]
Event: 190.998 Thread 0x000000001d64a800 4693       1       org.apache.felix.framework.BundleImpl::getFramework (5 bytes)
Event: 190.998 Thread 0x000000001d64a800 nmethod 4693 0x0000000003496310 code [0x0000000003496460, 0x0000000003496570]
Event: 191.044 Thread 0x000000001d632800 4694       4       java.io.InputStream::<init> (5 bytes)
Event: 191.047 Thread 0x000000001d632800 nmethod 4694 0x0000000003309b10 code [0x0000000003309c40, 0x0000000003309cd8]

GC Heap History (10 events):
Event: 184.179 GC heap before
{Heap before GC invocations=7 (full 1):
 PSYoungGen      total 74752K, used 65879K [0x000000076ae00000, 0x0000000770a80000, 0x00000007c0000000)
  eden space 64000K, 100% used [0x000000076ae00000,0x000000076ec80000,0x000000076ec80000)
  from space 10752K, 17% used [0x000000076ee00000,0x000000076efd5c80,0x000000076f880000)
  to   space 15360K, 0% used [0x000000076fb80000,0x000000076fb80000,0x0000000770a80000)
 ParOldGen       total 103424K, used 18489K [0x00000006c0a00000, 0x00000006c6f00000, 0x000000076ae00000)
  object space 103424K, 17% used [0x00000006c0a00000,0x00000006c1c0e4c0,0x00000006c6f00000)
 Metaspace       used 30847K, capacity 31141K, committed 31536K, reserved 1077248K
  class space    used 3999K, capacity 4044K, committed 4144K, reserved 1048576K
Event: 184.199 GC heap after
Heap after GC invocations=7 (full 1):
 PSYoungGen      total 73216K, used 6031K [0x000000076ae00000, 0x0000000770600000, 0x00000007c0000000)
  eden space 62464K, 0% used [0x000000076ae00000,0x000000076ae00000,0x000000076eb00000)
  from space 10752K, 56% used [0x000000076fb80000,0x0000000770163e88,0x0000000770600000)
  to   space 13824K, 0% used [0x000000076eb00000,0x000000076eb00000,0x000000076f880000)
 ParOldGen       total 103424K, used 18497K [0x00000006c0a00000, 0x00000006c6f00000, 0x000000076ae00000)
  object space 103424K, 17% used [0x00000006c0a00000,0x00000006c1c104c0,0x00000006c6f00000)
 Metaspace       used 30847K, capacity 31141K, committed 31536K, reserved 1077248K
  class space    used 3999K, capacity 4044K, committed 4144K, reserved 1048576K
}
Event: 184.881 GC heap before
{Heap before GC invocations=8 (full 1):
 PSYoungGen      total 73216K, used 68495K [0x000000076ae00000, 0x0000000770600000, 0x00000007c0000000)
  eden space 62464K, 100% used [0x000000076ae00000,0x000000076eb00000,0x000000076eb00000)
  from space 10752K, 56% used [0x000000076fb80000,0x0000000770163e88,0x0000000770600000)
  to   space 13824K, 0% used [0x000000076eb00000,0x000000076eb00000,0x000000076f880000)
 ParOldGen       total 103424K, used 18497K [0x00000006c0a00000, 0x00000006c6f00000, 0x000000076ae00000)
  object space 103424K, 17% used [0x00000006c0a00000,0x00000006c1c104c0,0x00000006c6f00000)
 Metaspace       used 31968K, capacity 32325K, committed 32816K, reserved 1077248K
  class space    used 4218K, capacity 4310K, committed 4400K, reserved 1048576K
Event: 184.885 GC heap after
Heap after GC invocations=8 (full 1):
 PSYoungGen      total 67584K, used 5645K [0x000000076ae00000, 0x0000000770300000, 0x00000007c0000000)
  eden space 61440K, 0% used [0x000000076ae00000,0x000000076ae00000,0x000000076ea00000)
  from space 6144K, 91% used [0x000000076eb00000,0x000000076f083688,0x000000076f100000)
  to   space 12800K, 0% used [0x000000076f680000,0x000000076f680000,0x0000000770300000)
 ParOldGen       total 103424K, used 18505K [0x00000006c0a00000, 0x00000006c6f00000, 0x000000076ae00000)
  object space 103424K, 17% used [0x00000006c0a00000,0x00000006c1c124c0,0x00000006c6f00000)
 Metaspace       used 31968K, capacity 32325K, committed 32816K, reserved 1077248K
  class space    used 4218K, capacity 4310K, committed 4400K, reserved 1048576K
}
Event: 187.041 GC heap before
{Heap before GC invocations=9 (full 1):
 PSYoungGen      total 67584K, used 29778K [0x000000076ae00000, 0x0000000770300000, 0x00000007c0000000)
  eden space 61440K, 39% used [0x000000076ae00000,0x000000076c5911b8,0x000000076ea00000)
  from space 6144K, 91% used [0x000000076eb00000,0x000000076f083688,0x000000076f100000)
  to   space 12800K, 0% used [0x000000076f680000,0x000000076f680000,0x0000000770300000)
 ParOldGen       total 103424K, used 18505K [0x00000006c0a00000, 0x00000006c6f00000, 0x000000076ae00000)
  object space 103424K, 17% used [0x00000006c0a00000,0x00000006c1c124c0,0x00000006c6f00000)
 Metaspace       used 34833K, capacity 35170K, committed 35496K, reserved 1081344K
  class space    used 4394K, capacity 4470K, committed 4528K, reserved 1048576K
Event: 187.047 GC heap after
Heap after GC invocations=9 (full 1):
 PSYoungGen      total 71168K, used 5118K [0x000000076ae00000, 0x0000000770100000, 0x00000007c0000000)
  eden space 60416K, 0% used [0x000000076ae00000,0x000000076ae00000,0x000000076e900000)
  from space 10752K, 47% used [0x000000076f680000,0x000000076fb7fbc8,0x0000000770100000)
  to   space 12288K, 0% used [0x000000076e900000,0x000000076e900000,0x000000076f500000)
 ParOldGen       total 103424K, used 20074K [0x00000006c0a00000, 0x00000006c6f00000, 0x000000076ae00000)
  object space 103424K, 19% used [0x00000006c0a00000,0x00000006c1d9ab20,0x00000006c6f00000)
 Metaspace       used 34833K, capacity 35170K, committed 35496K, reserved 1081344K
  class space    used 4394K, capacity 4470K, committed 4528K, reserved 1048576K
}
Event: 187.047 GC heap before
{Heap before GC invocations=10 (full 2):
 PSYoungGen      total 71168K, used 5118K [0x000000076ae00000, 0x0000000770100000, 0x00000007c0000000)
  eden space 60416K, 0% used [0x000000076ae00000,0x000000076ae00000,0x000000076e900000)
  from space 10752K, 47% used [0x000000076f680000,0x000000076fb7fbc8,0x0000000770100000)
  to   space 12288K, 0% used [0x000000076e900000,0x000000076e900000,0x000000076f500000)
 ParOldGen       total 103424K, used 20074K [0x00000006c0a00000, 0x00000006c6f00000, 0x000000076ae00000)
  object space 103424K, 19% used [0x00000006c0a00000,0x00000006c1d9ab20,0x00000006c6f00000)
 Metaspace       used 34833K, capacity 35170K, committed 35496K, reserved 1081344K
  class space    used 4394K, capacity 4470K, committed 4528K, reserved 1048576K
Event: 187.113 GC heap after
Heap after GC invocations=10 (full 2):
 PSYoungGen      total 71168K, used 0K [0x000000076ae00000, 0x0000000770100000, 0x00000007c0000000)
  eden space 60416K, 0% used [0x000000076ae00000,0x000000076ae00000,0x000000076e900000)
  from space 10752K, 0% used [0x000000076f680000,0x000000076f680000,0x0000000770100000)
  to   space 12288K, 0% used [0x000000076e900000,0x000000076e900000,0x000000076f500000)
 ParOldGen       total 101376K, used 23941K [0x00000006c0a00000, 0x00000006c6d00000, 0x000000076ae00000)
  object space 101376K, 23% used [0x00000006c0a00000,0x00000006c2161550,0x00000006c6d00000)
 Metaspace       used 34833K, capacity 35170K, committed 35496K, reserved 1081344K
  class space    used 4394K, capacity 4470K, committed 4528K, reserved 1048576K
}
Event: 191.044 GC heap before
{Heap before GC invocations=11 (full 2):
 PSYoungGen      total 71168K, used 60416K [0x000000076ae00000, 0x0000000770100000, 0x00000007c0000000)
  eden space 60416K, 100% used [0x000000076ae00000,0x000000076e900000,0x000000076e900000)
  from space 10752K, 0% used [0x000000076f680000,0x000000076f680000,0x0000000770100000)
  to   space 12288K, 0% used [0x000000076e900000,0x000000076e900000,0x000000076f500000)
 ParOldGen       total 101376K, used 23941K [0x00000006c0a00000, 0x00000006c6d00000, 0x000000076ae00000)
  object space 101376K, 23% used [0x00000006c0a00000,0x00000006c2161550,0x00000006c6d00000)
 Metaspace       used 36772K, capacity 37080K, committed 37416K, reserved 1081344K
  class space    used 4591K, capacity 4656K, committed 4656K, reserved 1048576K
Event: 191.047 GC heap after
Heap after GC invocations=11 (full 2):
 PSYoungGen      total 61952K, used 2545K [0x000000076ae00000, 0x0000000770000000, 0x00000007c0000000)
  eden space 59392K, 0% used [0x000000076ae00000,0x000000076ae00000,0x000000076e800000)
  from space 2560K, 99% used [0x000000076e900000,0x000000076eb7c520,0x000000076eb80000)
  to   space 12288K, 0% used [0x000000076f400000,0x000000076f400000,0x0000000770000000)
 ParOldGen       total 101376K, used 23949K [0x00000006c0a00000, 0x00000006c6d00000, 0x000000076ae00000)
  object space 101376K, 23% used [0x00000006c0a00000,0x00000006c2163550,0x00000006c6d00000)
 Metaspace       used 36772K, capacity 37080K, committed 37416K, reserved 1081344K
  class space    used 4591K, capacity 4656K, committed 4656K, reserved 1048576K
}

Deoptimization events (10 events):
Event: 184.868 Thread 0x000000003f499000 Uncommon trap: reason=unreached action=reinterpret pc=0x0000000002a131a8 method=java.lang.ClassLoader.checkName(Ljava/lang/String;)Z @ 1
Event: 186.496 Thread 0x000000003f499000 Uncommon trap: reason=unreached action=reinterpret pc=0x00000000033bbe7c method=java.lang.Package.isSealed()Z @ 4
Event: 186.502 Thread 0x000000003f499000 Uncommon trap: reason=class_check action=maybe_recompile pc=0x0000000002da8154 method=java.util.regex.Pattern$CharProperty$1.isSatisfiedBy(I)Z @ 5
Event: 186.502 Thread 0x000000003f499000 Uncommon trap: reason=class_check action=maybe_recompile pc=0x0000000002da8154 method=java.util.regex.Pattern$CharProperty$1.isSatisfiedBy(I)Z @ 5
Event: 186.563 Thread 0x000000003f499000 Uncommon trap: reason=class_check action=maybe_recompile pc=0x0000000002c0b324 method=java.util.regex.Pattern$CharProperty.match(Ljava/util/regex/Matcher;ILjava/lang/CharSequence;)Z @ 37
Event: 186.841 Thread 0x000000001f760800 Uncommon trap: reason=unreached action=reinterpret pc=0x00000000028e8b4c method=java.awt.event.InvocationEvent.finishedDispatching(Z)V @ 9
Event: 189.240 Thread 0x000000001f760800 Uncommon trap: reason=class_check action=maybe_recompile pc=0x00000000031041e8 method=java.awt.EventQueue.setCurrentEventAndMostRecentTimeImpl(Ljava/awt/AWTEvent;)V @ 135
Event: 189.349 Thread 0x000000001f760800 Uncommon trap: reason=class_check action=maybe_recompile pc=0x00000000031041e8 method=java.awt.EventQueue.setCurrentEventAndMostRecentTimeImpl(Ljava/awt/AWTEvent;)V @ 135
Event: 189.351 Thread 0x000000001f760800 Uncommon trap: reason=unreached action=reinterpret pc=0x00000000030b162c method=sun.java2d.pipe.BufferedContext.validate(Lsun/java2d/pipe/hw/AccelSurface;Lsun/java2d/pipe/hw/AccelSurface;Lsun/java2d/pipe/Region;Ljava/awt/Composite;Ljava/awt/geom/AffineTran£	g©;«g@
Event: 189.351 Thread 0x000000001f760800 Uncommon trap: reason=null_check action=make_not_entrant pc=0x0000000003086534 method=java.awt.geom.AffineTransform.equals(Ljava/lang/Object;)Z @ 1

Internal exceptions (10 events):
Event: 191.111 Thread 0x000000003f499000 Exception <a 'java/security/PrivilegedActionException'> (0x000000076b068c48) thrown at [C:\workspace\8-2-build-windows-amd64-cygwin\jdk8u31\2394\hotspot\src\share\vm\prims\jvm.cpp, line 1312]
Event: 191.112 Thread 0x000000003f499000 Exception <a 'java/security/PrivilegedActionException'> (0x000000076b0694f8) thrown at [C:\workspace\8-2-build-windows-amd64-cygwin\jdk8u31\2394\hotspot\src\share\vm\prims\jvm.cpp, line 1312]
Event: 191.112 Thread 0x000000003f499000 Exception <a 'java/security/PrivilegedActionException'> (0x000000076b06bc20) thrown at [C:\workspace\8-2-build-windows-amd64-cygwin\jdk8u31\2394\hotspot\src\share\vm\prims\jvm.cpp, line 1312]
Event: 191.112 Thread 0x000000003f499000 Exception <a 'java/security/PrivilegedActionException'> (0x000000076b0866d0) thrown at [C:\workspace\8-2-build-windows-amd64-cygwin\jdk8u31\2394\hotspot\src\share\vm\prims\jvm.cpp, line 1312]
Event: 191.112 Thread 0x000000003f499000 Exception <a 'java/security/PrivilegedActionException'> (0x000000076b087138) thrown at [C:\workspace\8-2-build-windows-amd64-cygwin\jdk8u31\2394\hotspot\src\share\vm\prims\jvm.cpp, line 1312]
Event: 191.112 Thread 0x000000003f499000 Exception <a 'java/security/PrivilegedActionException'> (0x000000076b089860) thrown at [C:\workspace\8-2-build-windows-amd64-cygwin\jdk8u31\2394\hotspot\src\share\vm\prims\jvm.cpp, line 1312]
Event: 191.112 Thread 0x000000003f499000 Exception <a 'java/security/PrivilegedActionException'> (0x000000076b0a4310) thrown at [C:\workspace\8-2-build-windows-amd64-cygwin\jdk8u31\2394\hotspot\src\share\vm\prims\jvm.cpp, line 1312]
Event: 191.112 Thread 0x000000003f499000 Exception <a 'java/security/PrivilegedActionException'> (0x000000076b0a4cf0) thrown at [C:\workspace\8-2-build-windows-amd64-cygwin\jdk8u31\2394\hotspot\src\share\vm\prims\jvm.cpp, line 1312]
Event: 191.112 Thread 0x000000003f499000 Exception <a 'java/security/PrivilegedActionException'> (0x000000076b0a7418) thrown at [C:\workspace\8-2-build-windows-amd64-cygwin\jdk8u31\2394\hotspot\src\share\vm\prims\jvm.cpp, line 1312]
Event: 191.112 Thread 0x000000003f499000 Exception <a 'java/security/PrivilegedActionException'> (0x000000076b0c1ec8) thrown at [C:\workspace\8-2-build-windows-amd64-cygwin\jdk8u31\2394\hotspot\src\share\vm\prims\jvm.cpp, line 1312]

Events (10 events):
Event: 191.111 loading class matlab/graphics/illustration/internal/updateFontProperties
Event: 191.111 loading class matlab/graphics/illustration/internal/updateFontProperties done
Event: 191.112 loading class matlab/graphics/illustration/internal/updateFontProperties
Event: 191.112 loading class matlab/graphics/illustration/internal/updateFontProperties done
Event: 191.112 loading class matlab/graphics/illustration/internal/updateFontProperties
Event: 191.112 loading class matlab/graphics/illustration/internal/updateFontProperties done
Event: 191.112 loading class matlab/graphics/illustration/internal/updateFontProperties
Event: 191.112 loading class matlab/graphics/illustration/internal/updateFontProperties done
Event: 191.115 Thread 0x000000001d658800 Thread exited: 0x000000001d658800
Event: 191.115 Executing VM operation: Exit


Dynamic libraries:
0x000000013f610000 - 0x000000013f644000 	C:\Program Files\Java\jre1.8.0_31\bin\javaw.exe
0x0000000077640000 - 0x00000000777e9000 	C:\Windows\SYSTEM32\ntdll.dll
0x0000000077520000 - 0x000000007763f000 	C:\Windows\system32\kernel32.dll
0x000007fefd500000 - 0x000007fefd56c000 	C:\Windows\system32\KERNELBASE.dll
0x000007feff850000 - 0x000007feff92b000 	C:\Windows\system32\ADVAPI32.dll
0x000007fefdbf0000 - 0x000007fefdc8f000 	C:\Windows\system32\msvcrt.dll
0x000007feff930000 - 0x000007feff94f000 	C:\Windows\SYSTEM32\sechost.dll
0x000007fefd7c0000 - 0x000007fefd8ed000 	C:\Windows\system32\RPCRT4.dll
0x0000000077420000 - 0x000000007751a000 	C:\Windows\system32\USER32.dll
0x000007fefd8f0000 - 0x000007fefd957000 	C:\Windows\system32\GDI32.dll
0x000007feff6b0000 - 0x000007feff6be000 	C:\Windows\system32\LPK.dll
0x000007fefef60000 - 0x000007feff029000 	C:\Windows\system32\USP10.dll
0x000007fefb990000 - 0x000007fefbb84000 	C:\Windows\WinSxS\amd64_microsoft.windows.common-controls_6595b64144ccf1df_6.0.7601.17514_none_fa396087175ac9ac\COMCTL32.dll
0x000007fefd960000 - 0x000007fefd9d1000 	C:\Windows\system32\SHLWAPI.dll
0x000007feff680000 - 0x000007feff6ae000 	C:\Windows\system32\IMM32.DLL
0x000007feff320000 - 0x000007feff429000 	C:\Windows\system32\MSCTF.dll
0x00000000637f0000 - 0x00000000638c2000 	C:\Program Files\Java\jre1.8.0_31\bin\msvcr100.dll
0x000000006fbc0000 - 0x000000007041a000 	C:\Program Files\Java\jre1.8.0_31\bin\server\jvm.dll
0x000007fefc840000 - 0x000007fefc849000 	C:\Windows\system32\WSOCK32.dll
0x000007fefef10000 - 0x000007fefef5d000 	C:\Windows\system32\WS2_32.dll
0x000007fefec80000 - 0x000007fefec88000 	C:\Windows\system32\NSI.dll
0x000007fefb140000 - 0x000007fefb17b000 	C:\Windows\system32\WINMM.dll
0x0000000077800000 - 0x0000000077807000 	C:\Windows\system32\PSAPI.DLL
0x0000000073010000 - 0x000000007301f000 	C:\Program Files\Java\jre1.8.0_31\bin\verify.dll
0x0000000065570000 - 0x0000000065598000 	C:\Program Files\Java\jre1.8.0_31\bin\java.dll
0x0000000000150000 - 0x0000000000166000 	C:\Program Files\Java\jre1.8.0_31\bin\zip.dll
0x000007fefdc90000 - 0x000007fefea18000 	C:\Windows\system32\SHELL32.dll
0x000007fefd9e0000 - 0x000007fefdbe3000 	C:\Windows\system32\ole32.dll
0x000007fefd410000 - 0x000007fefd41f000 	C:\Windows\system32\profapi.dll
0x0000000063650000 - 0x00000000637e8000 	C:\Program Files\Java\jre1.8.0_31\bin\awt.dll
0x000007fefeb00000 - 0x000007fefebd7000 	C:\Windows\system32\OLEAUT32.dll
0x000007fefb7e0000 - 0x000007fefb836000 	C:\Windows\system32\uxtheme.dll
0x000007fefb250000 - 0x000007fefb268000 	C:\Windows\system32\dwmapi.dll
0x000007fefd260000 - 0x000007fefd26f000 	C:\Windows\system32\CRYPTBASE.dll
0x000007fefc830000 - 0x000007fefc83c000 	C:\Windows\system32\VERSION.dll
0x000007fefbd70000 - 0x000007fefbd9c000 	C:\Windows\system32\powrprof.dll
0x000007fefed30000 - 0x000007fefef07000 	C:\Windows\system32\SETUPAPI.dll
0x000007fefd450000 - 0x000007fefd486000 	C:\Windows\system32\CFGMGR32.dll
0x000007fefd630000 - 0x000007fefd64a000 	C:\Windows\system32\DEVOBJ.dll
0x0000000064ea0000 - 0x0000000064ee7000 	C:\Program Files\Java\jre1.8.0_31\bin\fontmanager.dll
0x0000000068af0000 - 0x0000000068b0a000 	C:\Program Files\Java\jre1.8.0_31\bin\net.dll
0x000007fefcba0000 - 0x000007fefcbf5000 	C:\Windows\system32\mswsock.dll
0x000007fefcb90000 - 0x000007fefcb97000 	C:\Windows\System32\wship6.dll
0x0000000065500000 - 0x0000000065511000 	C:\Program Files\Java\jre1.8.0_31\bin\nio.dll
0x0000000063600000 - 0x0000000063641000 	C:\Program Files\Java\jre1.8.0_31\bin\t2k.dll
0x000007fefec90000 - 0x000007fefed29000 	C:\Windows\system32\CLBCatQ.DLL
0x000007fefac70000 - 0x000007fefadd1000 	C:\Windows\system32\WindowsCodecs.dll
0x000007fefd200000 - 0x000007fefd257000 	C:\Windows\system32\apphelp.dll
0x000007fef7830000 - 0x000007fef789f000 	C:\Windows\system32\mscoree.dll
0x000007fef7790000 - 0x000007fef7827000 	C:\Windows\Microsoft.NET\Framework64\v4.0.30319\mscoreei.dll
0x000007fefd270000 - 0x000007fefd301000 	C:\Windows\system32\sxs.dll
0x000007fef6d90000 - 0x000007fef76fb000 	C:\Windows\Microsoft.NET\Framework64\v4.0.30319\clr.dll
0x000007fef6cb0000 - 0x000007fef6d82000 	C:\Windows\system32\MSVCR110_CLR0400.dll
0x000007fef44b0000 - 0x000007fef5aaa000 	C:\Windows\assembly\NativeImages_v4.0.30319_64\mscorlib\abf62e6545d2802fc60286678a67e6bf\mscorlib.ni.dll
0x000007fefcdf0000 - 0x000007fefce08000 	C:\Windows\system32\CRYPTSP.dll
0x000007fefc900000 - 0x000007fefc947000 	C:\Windows\system32\rsaenh.dll
0x000007fefd310000 - 0x000007fefd324000 	C:\Windows\system32\RpcRtRemote.dll
0x0000000073040000 - 0x000000007304a000 	C:\Program Files\Box\Box Sync\IconOverlayClient.dll
0x000000006d760000 - 0x000000006d782000 	C:\Program Files\Box\Box Sync\SharpShell.dll
0x000007fef37e0000 - 0x000007fef44a7000 	C:\Windows\assembly\NativeImages_v4.0.30319_64\System\3f4e05b74a222eaf142391c0549efe62\System.ni.dll
0x000007fef35b0000 - 0x000007fef37df000 	C:\Windows\assembly\NativeImages_v4.0.30319_64\System.Drawing\33b0d91fe3a676b18649630b575bfe36\System.Drawing.ni.dll
0x000007fef3470000 - 0x000007fef35a1000 	C:\Windows\Microsoft.NET\Framework64\v4.0.30319\clrjit.dll
0x000000006d6c0000 - 0x000000006d710000 	C:\Program Files\Box\Box Sync\log4net.dll
0x000007fef2ac0000 - 0x000007fef3469000 	C:\Windows\assembly\NativeImages_v4.0.30319_64\System.Core\2e9352fa8533dc500b03b97e5d3193c2\System.Core.ni.dll
0x000007fef1120000 - 0x000007fef2abd000 	C:\Windows\assembly\NativeImages_v4.0.30319_64\System.ServiceModel\bea9e3e38f57e34828c8d1da83dc7242\System.ServiceModel.ni.dll
0x000007fef0bf0000 - 0x000007fef0f6a000 	C:\Windows\assembly\NativeImages_v4.0.30319_64\System.Runteb92aa12#\6d9b2d977435904b70f2e1571f7cf026\System.Runtime.Serialization.ni.dll
0x000007fef0ab0000 - 0x000007fef0be9000 	C:\Windows\assembly\NativeImages_v4.0.30319_64\System.Configuration\6d01dc933044beec0f2fdefa90f67bd0\System.Configuration.ni.dll
0x000007feefed0000 - 0x000007fef0892000 	C:\Windows\assembly\NativeImages_v4.0.30319_64\System.Xml\25e7c1b5f922b2b44c27857e1b466651\System.Xml.ni.dll
0x000007fef69d0000 - 0x000007fef69e6000 	C:\Windows\Microsoft.NET\Framework64\v4.0.30319\nlssorting.dll
0x000007feef7d0000 - 0x000007feefa0d000 	C:\PROGRA~1\MICROS~2\Office15\GROOVEEX.DLL
0x0000000072250000 - 0x00000000722e8000 	C:\Windows\system32\MSVCP100.dll
0x000000006a5d0000 - 0x000000006a5fb000 	C:\Windows\system32\ATL100.DLL
0x000007fef9d40000 - 0x000007fefa05d000 	C:\Windows\system32\msi.dll
0x000007feee8a0000 - 0x000007feef11d000 	C:\PROGRA~1\MICROS~2\Office15\1033\GrooveIntlResource.dll
0x000007feee7e0000 - 0x000007feee80b000 	C:\Users\Weili\AppData\Roaming\Dropbox\bin\DropboxExt64.24.dll
0x000007fef78c0000 - 0x000007fef79e5000 	C:\Windows\system32\dbghelp.dll
0x0000000072480000 - 0x0000000072553000 	C:\Windows\WinSxS\amd64_microsoft.vc90.crt_1fc8b3b9a1e18e3b_9.0.30729.6161_none_08e61857a83bc251\MSVCP90.dll
0x00000000723d0000 - 0x0000000072473000 	C:\Windows\WinSxS\amd64_microsoft.vc90.crt_1fc8b3b9a1e18e3b_9.0.30729.6161_none_08e61857a83bc251\MSVCR90.dll
0x000007feee7d0000 - 0x000007feee7d8000 	C:\Windows\system32\IconCodecService.dll
0x0000000070520000 - 0x000000007054a000 	C:\Program Files\Java\jre1.8.0_31\bin\dcpr.dll
0x0000000180000000 - 0x0000000180034000 	C:\Program Files\MATLAB\MATLAB Compiler Runtime\v84\bin\win64\BuilderJABootstrap.dll
0x0000000012c50000 - 0x0000000012c5c000 	C:\Program Files\MATLAB\MATLAB Compiler Runtime\v84\bin\win64\nativedl.dll
0x000007fee3850000 - 0x000007fee38f7000 	C:\Program Files\MATLAB\MATLAB Compiler Runtime\v84\bin\win64\MSVCP110.dll
0x000007fee3770000 - 0x000007fee3844000 	C:\Program Files\MATLAB\MATLAB Compiler Runtime\v84\bin\win64\MSVCR110.dll
0x00000000fe7f0000 - 0x00000000fe9ff000 	C:\Program Files\MATLAB\MATLAB Compiler Runtime\v84\bin\win64\libmwfl.dll
0x000007feff030000 - 0x000007feff049000 	C:\Windows\system32\imagehlp.dll
0x00000000ffef0000 - 0x00000000ffeff000 	C:\Program Files\MATLAB\MATLAB Compiler Runtime\v84\bin\win64\libmwresource_core.dll
0x00000000fff00000 - 0x00000000fffec000 	C:\Program Files\MATLAB\MATLAB Compiler Runtime\v84\bin\win64\libmwi18n.dll
0x000007fef8d40000 - 0x000007fef8d4f000 	C:\Program Files\MATLAB\MATLAB Compiler Runtime\v84\bin\win64\boost_date_time-vc110-mt-1_49.dll
0x000007fef64f0000 - 0x000007fef651c000 	C:\Program Files\MATLAB\MATLAB Compiler Runtime\v84\bin\win64\boost_filesystem-vc110-mt-1_49.dll
0x000007fef6af0000 - 0x000007fef6af9000 	C:\Program Files\MATLAB\MATLAB Compiler Runtime\v84\bin\win64\boost_system-vc110-mt-1_49.dll
0x000007fef64c0000 - 0x000007fef64e5000 	C:\Program Files\MATLAB\MATLAB Compiler Runtime\v84\bin\win64\LIBEXPAT.dll
0x00000000ff350000 - 0x00000000ff4e7000 	C:\Program Files\MATLAB\MATLAB Compiler Runtime\v84\bin\win64\icuin52.dll
0x000000003caa0000 - 0x000000003cbe1000 	C:\Program Files\MATLAB\MATLAB Compiler Runtime\v84\bin\win64\icuuc52.dll
0x00000000428a0000 - 0x0000000043f0d000 	C:\Program Files\MATLAB\MATLAB Compiler Runtime\v84\bin\win64\icudt52.dll
0x00000000635c0000 - 0x00000000635d1000 	C:\Program Files\MATLAB\MATLAB Compiler Runtime\v84\bin\win64\icuio52.dll
0x0000000043f10000 - 0x0000000044468000 	C:\Program Files\MATLAB\MATLAB Compiler Runtime\v84\bin\win64\libmwMATLAB_res.dll
0x000007fee3690000 - 0x000007fee376d000 	C:\Program Files\MATLAB\MATLAB Compiler Runtime\v84\bin\win64\boost_regex-vc110-mt-1_49.dll
0x000007fef5ac0000 - 0x000007fef5b05000 	C:\Program Files\MATLAB\MATLAB Compiler Runtime\v84\bin\win64\boost_serialization-vc110-mt-1_49.dll
0x000007feedbc0000 - 0x000007feedbd1000 	C:\Program Files\MATLAB\MATLAB Compiler Runtime\v84\bin\win64\boost_signals-vc110-mt-1_49.dll
0x000007feedba0000 - 0x000007feedbb1000 	C:\Program Files\MATLAB\MATLAB Compiler Runtime\v84\bin\win64\boost_thread-vc110-mt-1_49.dll
0x000007fee5a30000 - 0x000007fee5ab8000 	C:\Program Files\MATLAB\MATLAB Compiler Runtime\v84\bin\win64\boost_log-vc110-mt-1_49.dll
0x000007feece80000 - 0x000007feecebf000 	C:\Program Files\MATLAB\MATLAB Compiler Runtime\v84\bin\win64\tbb.dll
0x0000000044470000 - 0x0000000044782000 	C:\Program Files\MATLAB\MATLAB Compiler Runtime\v84\bin\win64\nativemcl.dll
0x0000000020e50000 - 0x0000000020f14000 	C:\Program Files\MATLAB\MATLAB Compiler Runtime\v84\bin\win64\libut.dll
0x00000000fe100000 - 0x00000000fe27e000 	C:\Program Files\MATLAB\MATLAB Compiler Runtime\v84\bin\win64\libmx.dll
0x000007feece00000 - 0x000007feece40000 	C:\Program Files\MATLAB\MATLAB Compiler Runtime\v84\bin\win64\tbbmalloc.dll
0x00000000635a0000 - 0x00000000635b7000 	C:\Program Files\MATLAB\MATLAB Compiler Runtime\v84\bin\win64\zlib1.dll
0x00000000ffff0000 - 0x00000001003f1000 	C:\Program Files\MATLAB\MATLAB Compiler Runtime\v84\bin\win64\libmwservices.dll
0x00000000fe090000 - 0x00000000fe0e1000 	C:\Program Files\MATLAB\MATLAB Compiler Runtime\v84\bin\win64\libmwregexp.dll
0x00000000fe040000 - 0x00000000fe08c000 	C:\Program Files\MATLAB\MATLAB Compiler Runtime\v84\bin\win64\mpath.dll
0x0000000044790000 - 0x0000000044ac5000 	C:\Program Files\MATLAB\MATLAB Compiler Runtime\v84\bin\win64\libmwms.dll
0x000007fef6870000 - 0x000007fef6880000 	C:\Program Files\MATLAB\MATLAB Compiler Runtime\v84\bin\win64\boost_iostreams-vc110-mt-1_49.dll
0x00000000fd610000 - 0x00000000fda2e000 	C:\Program Files\MATLAB\MATLAB Compiler Runtime\v84\bin\win64\mlutil.dll
0x0000000044ad0000 - 0x0000000044e08000 	C:\Program Files\MATLAB\MATLAB Compiler Runtime\v84\bin\win64\settingscore.dll
0x00000000fd590000 - 0x00000000fd609000 	C:\Program Files\MATLAB\MATLAB Compiler Runtime\v84\bin\win64\xmlcore.dll
0x0000000044e10000 - 0x0000000045073000 	C:\Program Files\MATLAB\MATLAB Compiler Runtime\v84\bin\win64\xerces-c_3_1.dll
0x00000000fd320000 - 0x00000000fd33e000 	C:\Program Files\MATLAB\MATLAB Compiler Runtime\v84\bin\win64\libmwMATLAB_settings_res.dll
0x00000000fd310000 - 0x00000000fd316000 	C:\Program Files\MATLAB\MATLAB Compiler Runtime\v84\bin\win64\libmwnativedisplay.dll
0x000000001f590000 - 0x000000001f5ee000 	C:\Program Files\MATLAB\MATLAB Compiler Runtime\v84\bin\win64\opccore.dll
0x00000000fd1e0000 - 0x00000000fd2b9000 	C:\Program Files\MATLAB\MATLAB Compiler Runtime\v84\bin\win64\opcmodel.dll
0x0000000045080000 - 0x00000000452cc000 	C:\Program Files\MATLAB\MATLAB Compiler Runtime\v84\bin\win64\libmwflnetwork.dll
0x00000000fd1b0000 - 0x00000000fd1d9000 	C:\Program Files\MATLAB\MATLAB Compiler Runtime\v84\bin\win64\opczippackage.dll
0x0000000065480000 - 0x000000006548f000 	C:\Program Files\MATLAB\MATLAB Compiler Runtime\v84\bin\win64\libminizip.dll
0x00000000420b0000 - 0x0000000042243000 	C:\Program Files\MATLAB\MATLAB Compiler Runtime\v84\bin\win64\opcmwservices.dll
0x000007fefebe0000 - 0x000007fefec77000 	C:\Windows\system32\COMDLG32.dll
0x000007fefc810000 - 0x000007fefc826000 	C:\Windows\system32\NETAPI32.dll
0x000007fefc800000 - 0x000007fefc80c000 	C:\Windows\system32\netutils.dll

VM Arguments:
jvm_args: -Dfile.encoding=Cp1252 
java_command: analyzer.main.Analyzer
java_class_path (initial): C:\Users\Weili\weilixu\hw0000\EnergyPlusUncertaintyAnalyzer\bin;C:\Users\Weili\weilixu\hw0000\EnergyPlusUncertaintyAnalyzer\lib\allmakedist.jar;C:\Users\Weili\weilixu\hw0000\EnergyPlusUncertaintyAnalyzer\lib\javabuilder.jar;C:\Users\Weili\weilixu\hw0000\EnergyPlusUncertaintyAnalyzer\lib\jcommon-1.0.23.jar;C:\Users\Weili\weilixu\hw0000\EnergyPlusUncertaintyAnalyzer\lib\jfreechart-1.0.19.jar;C:\Users\Weili\weilixu\hw0000\EnergyPlusUncertaintyAnalyzer\lib\commons-math3-3.4.1-javadoc.jar;C:\Users\Weili\weilixu\hw0000\EnergyPlusUncertaintyAnalyzer\lib\commons-math3-3.4.1.jar;C:\Users\Weili\weilixu\hw0000\EnergyPlusUncertaintyAnalyzer\lib\allfitdist.jar;C:\Users\Weili\weilixu\hw0000\EnergyPlusUncertaintyAnalyzer\lib\jdom-2.0.5-contrib.jar;C:\Users\Weili\weilixu\hw0000\EnergyPlusUncertaintyAnalyzer\lib\jdom-2.0.5-javadoc.jar;C:\Users\Weili\weilixu\hw0000\EnergyPlusUncertaintyAnalyzer\lib\jdom-2.0.5-junit.jar;C:\Users\Weili\weilixu\hw0000\EnergyPlusUncertaintyAnalyzer\lib\jdom-2.0.5-sources.jar;C:\Users\Weili\weilixu\hw0000\EnergyPlusUncertaintyAnalyzer\lib\jdom-2.0.5.jar;C:\Users\Weili\weilixu\hw0000\EnergyPlusUncertaintyAnalyzer\lib\weka.jar
Launcher Type: SUN_STANDARD

Environment Variables:
PATH=C:\Program Files\MATLAB\MATLAB Compiler Runtime\v84\bin\win64;C:\Program Files\Java\jre1.8.0_31\bin\server;C:\Program Files\Java\jre1.8.0_31\bin;C:\Program Files\Java\jre1.8.0_31\lib\amd64;C:\ProgramData\Oracle\Java\javapath;C:\Program Files (x86)\Intel\iCLS Client\;C:\Program Files\Intel\iCLS Client\;C:\Program Files\Common Files\Microsoft Shared\Windows Live;C:\Program Files (x86)\Common Files\Microsoft Shared\Windows Live;C:\Windows\system32;C:\Windows;C:\Windows\System32\Wbem;C:\Windows\System32\WindowsPowerShell\v1.0\;C:\Program Files\Dell\Dell Data Protection\Access\Advanced\Wave\Gemalto\Access Client\v5\;C:\Program Files (x86)\NTRU Cryptosystems\NTRU TCG Software Stack\bin\;C:\Program Files\NTRU Cryptosystems\NTRU TCG Software Stack\bin\;C:\Program Files (x86)\Windows Live\Shared;C:\Program Files\Common Files\Autodesk Shared\;C:\Program Files (x86)\Autodesk\Backburner\;C:\Python27_32;C:\Python27_32\Scripts;C:\Program Files\MATLAB\MATLAB Compiler Runtime\v84\runtime\win64;E:\01_Software\MATLAB\R2013a\runtime\win64;E:\01_Software\MATLAB\R2013a\bin;C:\Program Files (x86)\MySQL\MySQL Utilities 1.3.4\;C:\Users\Omer Karaguzel\AppData\Local\Smartbar\Application\;C:\Program Files\Intel\Intel(R) Management Engine Components\DAL;C:\Program Files\Intel\Intel(R) Management Engine Components\IPT;C:\Program Files (x86)\Intel\Intel(R) Management Engine Components\DAL;C:\Program Files (x86)\Intel\Intel(R) Management Engine Components\IPT;C:\Users\Weili\Documents\apache-ant-1.9.4\bin;C:\Program Files\MiKTeX 2.9\miktex\bin\x64\;C:\Program Files\doxygen\bin;E:\01_Software\eclipse;C:\Users\Weili\AppData\Local\Temp\Weili\mcrCache8.4\allfit3\bin\maci64
USERNAME=Weili
OS=Windows_NT
PROCESSOR_IDENTIFIER=Intel64 Family 6 Model 58 Stepping 9, GenuineIntel



---------------  S Y S T E M  ---------------

OS: Windows 7 , 64 bit Build 7601 Service Pack 1

CPU:total 8 (4 cores per cpu, 2 threads per core) family 6 model 58 stepping 9, cmov, cx8, fxsr, mmx, sse, sse2, sse3, ssse3, sse4.1, sse4.2, popcnt, avx, aes, clmul, erms, ht, tsc, tscinvbit, tscinv

Memory: 4k page, physical 16730664k(7977716k free), swap 33459468k(23221280k free)

vm_info: Java HotSpot(TM) 64-Bit Server VM (25.31-b07) for windows-amd64 JRE (1.8.0_31-b13), built on Dec 17 2014 21:00:28 by "java_re" with MS VC++ 10.0 (VS2010)

time: Wed Feb 11 16:51:28 2015
elapsed time: 191 seconds (0d 0h 3m 11s)

